<?xml version="1.0" encoding="UTF-8"?>
<testng-results skipped="0" failed="0" ignored="0" total="1" passed="1">
  <reporter-output>
  </reporter-output>
  <suite name="Suite" duration-ms="21114" started-at="2021-02-15T19:24:31 IST" finished-at="2021-02-15T19:24:52 IST">
    <groups>
    </groups>
    <test name="Test" duration-ms="21114" started-at="2021-02-15T19:24:31 IST" finished-at="2021-02-15T19:24:52 IST">
      <class name="practise.AppiumFramework.ApiDemoTest1">
        <test-method status="PASS" signature="totalValidation()[pri:0, instance:practise.AppiumFramework.ApiDemoTest1@eafc191]" name="totalValidation" duration-ms="21071" started-at="2021-02-15T19:24:31 IST" finished-at="2021-02-15T19:24:52 IST">
          <reporter-output>
          </reporter-output>
        </test-method> <!-- totalValidation -->
      </class> <!-- practise.AppiumFramework.ApiDemoTest1 -->
    </test> <!-- Test -->
  </suite> <!-- Suite -->
</testng-results>
